2024-03-21 19:06:34 [INFO] Starting minecraft server version 1.5.2
2024-03-21 19:06:34 [WARNING] To start the server with more ram, launch it as "java -Xmx1024M -Xms1024M -jar minecraft_server.jar"
2024-03-21 19:06:34 [INFO] Loading properties
2024-03-21 19:06:34 [INFO] Default game type: SURVIVAL
2024-03-21 19:06:34 [INFO] Generating keypair
2024-03-21 19:06:34 [INFO] Starting Minecraft server on 127.0.0.1:25569
2024-03-21 19:06:34 [INFO] This server is running CraftBukkit version git-Bukkit-1.5.2-R1.0-b2788jnks (MC: 1.5.2) (Implementing API version 1.5.2-R1.0)
2024-03-21 19:06:34 [WARNING] Failed to load operators list: java.io.FileNotFoundException: .\ops.txt (The system cannot find the file specified)
2024-03-21 19:06:34 [WARNING] Failed to load white-list: java.io.FileNotFoundException: .\white-list.txt (The system cannot find the file specified)
2024-03-21 19:06:34 [WARNING] **** SERVER IS RUNNING IN OFFLINE/INSECURE MODE!
2024-03-21 19:06:34 [WARNING] The server will make no attempt to authenticate usernames. Beware.
2024-03-21 19:06:34 [WARNING] While this makes the game possible to play without internet access, it also opens up the ability for hackers to connect with any username they choose.
2024-03-21 19:06:34 [WARNING] To change this, set "online-mode" to "true" in the server.properties file.
2024-03-21 19:06:34 [INFO] Preparing level "world"
2024-03-21 19:06:34 [INFO] Preparing start region for level 0 (Seed: 7807633910508170277)
2024-03-21 19:06:35 [SEVERE] Exception in thread "Thread-6" 
2024-03-21 19:06:35 [SEVERE] org.bukkit.craftbukkit.libs.com.google.gson.JsonSyntaxException: java.lang.IllegalStateException: Expected BEGIN_OBJECT but was STRING at line 1 column 7
2024-03-21 19:06:35 [SEVERE] 	at org.bukkit.craftbukkit.libs.com.google.gson.internal.bind.ReflectiveTypeAdapterFactory$Adapter.read(ReflectiveTypeAdapterFactory.java:180)
2024-03-21 19:06:35 [SEVERE] 	at org.bukkit.craftbukkit.libs.com.google.gson.Gson.fromJson(Gson.java:755)
2024-03-21 19:06:35 [SEVERE] 	at org.bukkit.craftbukkit.libs.com.google.gson.Gson.fromJson(Gson.java:694)
2024-03-21 19:06:35 [SEVERE] 	at org.bukkit.craftbukkit.v1_5_R3.updater.BukkitDLUpdaterService.fetchArtifact(BukkitDLUpdaterService.java:51)
2024-03-21 19:06:35 [SEVERE] 	at org.bukkit.craftbukkit.v1_5_R3.updater.BukkitDLUpdaterService.getArtifact(BukkitDLUpdaterService.java:28)
2024-03-21 19:06:35 [SEVERE] 	at org.bukkit.craftbukkit.v1_5_R3.updater.AutoUpdater$1.run(AutoUpdater.java:77)
2024-03-21 19:06:35 [SEVERE] Caused by: java.lang.IllegalStateException: Expected BEGIN_OBJECT but was STRING at line 1 column 7
2024-03-21 19:06:35 [SEVERE] 	at org.bukkit.craftbukkit.libs.com.google.gson.stream.JsonReader.expect(JsonReader.java:339)
2024-03-21 19:06:35 [SEVERE] 	at org.bukkit.craftbukkit.libs.com.google.gson.stream.JsonReader.beginObject(JsonReader.java:322)
2024-03-21 19:06:35 [SEVERE] 	at org.bukkit.craftbukkit.libs.com.google.gson.internal.bind.ReflectiveTypeAdapterFactory$Adapter.read(ReflectiveTypeAdapterFactory.java:168)
2024-03-21 19:06:35 [SEVERE] 	... 5 more
2024-03-21 19:06:35 [INFO] Preparing spawn area: 16%
2024-03-21 19:06:37 [INFO] Preparing spawn area: 41%
2024-03-21 19:06:38 [INFO] Preparing spawn area: 62%
2024-03-21 19:06:39 [INFO] Preparing spawn area: 91%
2024-03-21 19:06:39 [INFO] Preparing start region for level 1 (Seed: 7807633910508170277)
2024-03-21 19:06:40 [INFO] Preparing spawn area: 12%
2024-03-21 19:06:41 [INFO] Preparing spawn area: 45%
2024-03-21 19:06:42 [INFO] Preparing spawn area: 70%
2024-03-21 19:06:42 [INFO] Preparing start region for level 2 (Seed: 7807633910508170277)
2024-03-21 19:06:43 [INFO] Preparing spawn area: 8%
2024-03-21 19:06:44 [INFO] Preparing spawn area: 74%
2024-03-21 19:06:44 [INFO] Server permissions file permissions.yml is empty, ignoring it
2024-03-21 19:06:44 [INFO] Done (9.643s)! For help, type "help" or "?"
2024-03-21 19:06:44 [INFO] Crash Loop Detector is Running! (30sec)
2024-03-21 19:06:44 [INFO] To increase, add "--crashTimeout [sec]" to the program's arguments
